Arguments: 
  /usr/local/bin/node /usr/local/Cellar/yarn/0.27.5_1/libexec/bin/yarn.js publish --registry http://localhost:4873

PATH: 
  /usr/local/mysql/bin:/usr/local/bin:/usr/bin:/bin:/usr/sbin:/sbin:/opt/X11/bin

Yarn version: 
  0.27.5

Node version: 
  8.4.0

Platform: 
  darwin x64

npm manifest: 
  {
    "name": "react-native-avatar",
    "version": "1.0.0",
    "description": "avatar",
    "main": "index.js",
    "author": "verd <123456@verd.com>",
    "license": "MIT",
    "repository": "http://localhost:4873"
  }

yarn manifest: 
  No manifest

Lockfile: 
  No lockfile

Trace: 
  Error: http://localhost:4873/react-native-avatar: unregistered users are not allowed to publish package react-native-avatar
      at Request.params.callback [as _callback] (/usr/local/Cellar/yarn/0.27.5_1/libexec/lib/yarn-cli.js:58200:18)
      at Request.self.callback (/usr/local/Cellar/yarn/0.27.5_1/libexec/lib/yarn-cli.js:114242:22)
      at emitTwo (events.js:125:13)
      at Request.emit (events.js:213:7)
      at Request.<anonymous> (/usr/local/Cellar/yarn/0.27.5_1/libexec/lib/yarn-cli.js:115225:10)
      at emitOne (events.js:115:13)
      at Request.emit (events.js:210:7)
      at IncomingMessage.<anonymous> (/usr/local/Cellar/yarn/0.27.5_1/libexec/lib/yarn-cli.js:115145:12)
      at Object.onceWrapper (events.js:314:30)
      at emitNone (events.js:110:20)
